INFO 2022-02-15 15:30:02,900 - Entering Main
INFO 2022-02-15 15:30:02,900 - Entering load_data function
INFO 2022-02-15 15:30:02,912 - Exiting load_data function
INFO 2022-02-15 15:30:02,918 - Entering write_output function
DEBUG 2022-02-15 15:30:02,941 - df:                 period  AHU-1-EC  AHU-1-SAR  AHU-1-SAT  CHB-1-DF  CHB-1-SP   CHI-1-CP  CHI-1-KWR  CHI-1-LCWSTSP  CHICMP-1-AP  ...      OAT-2     PC-1-P  hour  weekday  CDD  CHI-1-EC  CT-1-EC  CNDP-1-EC  HYD-1-EC  HYD-2-EC
0  2022/02/15 15:30:02       0.0      45.33  20.071067       0.0       0.0  61.895467   5.692533            0.0       2.9078  ...  19.418133  19.208154   0.0     6.02  0.0       0.0      0.0        0.0       1.0       0.0

[1 rows x 51 columns]
INFO 2022-02-15 15:30:02,943 - Exiting write_output function
INFO 2022-02-15 15:30:03,953 - Entering write_output function
DEBUG 2022-02-15 15:30:03,974 - df:                 period  AHU-1-EC  AHU-1-SAR  AHU-1-SAT  CHB-1-DF  CHB-1-SP   CHI-1-CP  CHI-1-KWR  CHI-1-LCWSTSP  CHICMP-1-AP  ...      OAT-2     PC-1-P  hour  weekday  CDD  CHI-1-EC  CT-1-EC  CNDP-1-EC  HYD-1-EC  HYD-2-EC
0  2022/02/15 15:30:02       0.0      45.33  20.071067       0.0       0.0  61.895467   5.692533            0.0       2.9078  ...  19.418133  19.208154   0.0     6.02  0.0       0.0      0.0        0.0       1.0       0.0
1  2022/02/15 15:30:03       0.0      45.27  19.938533       0.0       0.0  61.004933   0.000000            0.0       0.0000  ...  19.312333  19.233200   0.0     5.98  0.0       0.0      0.0        0.0       1.0       0.0

[2 rows x 51 columns]
INFO 2022-02-15 15:30:03,975 - Exiting write_output function
INFO 2022-02-15 15:30:04,985 - Entering write_output function
DEBUG 2022-02-15 15:30:05,007 - df:                 period  AHU-1-EC  AHU-1-SAR  AHU-1-SAT  CHB-1-DF  CHB-1-SP   CHI-1-CP  CHI-1-KWR  CHI-1-LCWSTSP  CHICMP-1-AP  ...      OAT-2     PC-1-P  hour  weekday  CDD  CHI-1-EC  CT-1-EC  CNDP-1-EC  HYD-1-EC  HYD-2-EC
0  2022/02/15 15:30:02       0.0      45.33  20.071067       0.0       0.0  61.895467   5.692533            0.0       2.9078  ...  19.418133  19.208154   0.0     6.02  0.0     0.000      0.0        0.0       1.0       0.0
1  2022/02/15 15:30:03       0.0      45.27  19.938533       0.0       0.0  61.004933   0.000000            0.0       0.0000  ...  19.312333  19.233200   0.0     5.98  0.0     0.000      0.0        0.0       1.0       0.0
2  2022/02/15 15:30:04       0.0      45.27  19.976667       0.0       0.0  72.177467  30.141667            0.0      25.3500  ...  19.370600  19.273867   0.0     5.98  0.0     8.363      8.5        0.0       1.0       0.0

[3 rows x 51 columns]
INFO 2022-02-15 15:30:05,007 - Exiting write_output function
INFO 2022-02-15 15:30:06,023 - Entering write_output function
DEBUG 2022-02-15 15:30:06,046 - df:                 period  AHU-1-EC  AHU-1-SAR  AHU-1-SAT  CHB-1-DF  CHB-1-SP   CHI-1-CP  CHI-1-KWR  CHI-1-LCWSTSP  CHICMP-1-AP  ...      OAT-2     PC-1-P  hour  weekday  CDD  CHI-1-EC  CT-1-EC  CNDP-1-EC  HYD-1-EC  HYD-2-EC
0  2022/02/15 15:30:02       0.0      45.33  20.071067       0.0       0.0  61.895467   5.692533            0.0     2.907800  ...  19.418133  19.208154   0.0     6.02  0.0     0.000      0.0       0.00       1.0       0.0
1  2022/02/15 15:30:03       0.0      45.27  19.938533       0.0       0.0  61.004933   0.000000            0.0     0.000000  ...  19.312333  19.233200   0.0     5.98  0.0     0.000      0.0       0.00       1.0       0.0
2  2022/02/15 15:30:04       0.0      45.27  19.976667       0.0       0.0  72.177467  30.141667            0.0    25.350000  ...  19.370600  19.273867   0.0     5.98  0.0     8.363      8.5       0.00       1.0       0.0
3  2022/02/15 15:30:06       0.0      45.33  20.073467       0.0       0.0  92.841667  91.437267            0.0    46.550067  ...  19.302000  19.290133   0.0     6.02  0.0    23.394      0.0       1.25       1.0       0.0

[4 rows x 51 columns]
INFO 2022-02-15 15:30:06,047 - Exiting write_output function
INFO 2022-02-15 15:30:07,056 - Entering write_output function
DEBUG 2022-02-15 15:30:07,078 - df:                 period  AHU-1-EC  AHU-1-SAR  AHU-1-SAT  CHB-1-DF  CHB-1-SP   CHI-1-CP  CHI-1-KWR  CHI-1-LCWSTSP  CHICMP-1-AP  ...      OAT-2     PC-1-P  hour  weekday  CDD  CHI-1-EC  CT-1-EC  CNDP-1-EC  HYD-1-EC  HYD-2-EC
0  2022/02/15 15:30:02       0.0      45.33  20.071067       0.0       0.0  61.895467   5.692533            0.0     2.907800  ...  19.418133  19.208154  0.00     6.02  0.0     0.000      0.0       0.00       1.0       0.0
1  2022/02/15 15:30:03       0.0      45.27  19.938533       0.0       0.0  61.004933   0.000000            0.0     0.000000  ...  19.312333  19.233200  0.00     5.98  0.0     0.000      0.0       0.00       1.0       0.0
2  2022/02/15 15:30:04       0.0      45.27  19.976667       0.0       0.0  72.177467  30.141667            0.0    25.350000  ...  19.370600  19.273867  0.00     5.98  0.0     8.363      8.5       0.00       1.0       0.0
3  2022/02/15 15:30:06       0.0      45.33  20.073467       0.0       0.0  92.841667  91.437267            0.0    46.550067  ...  19.302000  19.290133  0.00     6.02  0.0    23.394      0.0       1.25       1.0       0.0
4  2022/02/15 15:30:07       0.0      45.33  20.078067       0.0       0.0  68.014933  24.714733            0.0    12.314467  ...  19.293800  19.184400  1.06     6.02  0.0     3.051      0.0       0.00       2.0       0.0

[5 rows x 51 columns]
INFO 2022-02-15 15:30:07,079 - Exiting write_output function
INFO 2022-02-15 15:30:08,090 - Entering write_output function
DEBUG 2022-02-15 15:30:08,113 - df:                 period  AHU-1-EC  AHU-1-SAR  AHU-1-SAT  CHB-1-DF  CHB-1-SP   CHI-1-CP  CHI-1-KWR  CHI-1-LCWSTSP  CHICMP-1-AP  ...      OAT-2     PC-1-P  hour  weekday  CDD  CHI-1-EC  CT-1-EC  CNDP-1-EC  HYD-1-EC  HYD-2-EC
0  2022/02/15 15:30:02       0.0      45.33  20.071067       0.0       0.0  61.895467   5.692533            0.0     2.907800  ...  19.418133  19.208154  0.00     6.02  0.0     0.000      0.0       0.00       1.0       0.0
1  2022/02/15 15:30:03       0.0      45.27  19.938533       0.0       0.0  61.004933   0.000000            0.0     0.000000  ...  19.312333  19.233200  0.00     5.98  0.0     0.000      0.0       0.00       1.0       0.0
2  2022/02/15 15:30:04       0.0      45.27  19.976667       0.0       0.0  72.177467  30.141667            0.0    25.350000  ...  19.370600  19.273867  0.00     5.98  0.0     8.363      8.5       0.00       1.0       0.0
3  2022/02/15 15:30:06       0.0      45.33  20.073467       0.0       0.0  92.841667  91.437267            0.0    46.550067  ...  19.302000  19.290133  0.00     6.02  0.0    23.394      0.0       1.25       1.0       0.0
4  2022/02/15 15:30:07       0.0      45.33  20.078067       0.0       0.0  68.014933  24.714733            0.0    12.314467  ...  19.293800  19.184400  1.06     6.02  0.0     3.051      0.0       0.00       2.0       0.0
5  2022/02/15 15:30:08       0.0      45.33  20.128267       0.0       0.0  61.458133   0.000000            0.0     0.000000  ...  19.452733  19.143733  0.94     6.02  0.0     0.000      0.0       0.00       1.0       0.0

[6 rows x 51 columns]
INFO 2022-02-15 15:30:08,114 - Exiting write_output function
INFO 2022-02-15 15:30:09,124 - Entering write_output function
DEBUG 2022-02-15 15:30:09,148 - df:                 period  AHU-1-EC  AHU-1-SAR  AHU-1-SAT  CHB-1-DF  CHB-1-SP   CHI-1-CP  CHI-1-KWR  CHI-1-LCWSTSP  CHICMP-1-AP  ...      OAT-2     PC-1-P  hour  weekday  CDD  CHI-1-EC  CT-1-EC  CNDP-1-EC  HYD-1-EC  HYD-2-EC
0  2022/02/15 15:30:02       0.0      45.33  20.071067       0.0       0.0  61.895467   5.692533            0.0     2.907800  ...  19.418133  19.208154  0.00     6.02  0.0     0.000      0.0       0.00       1.0       0.0
1  2022/02/15 15:30:03       0.0      45.27  19.938533       0.0       0.0  61.004933   0.000000            0.0     0.000000  ...  19.312333  19.233200  0.00     5.98  0.0     0.000      0.0       0.00       1.0       0.0
2  2022/02/15 15:30:04       0.0      45.27  19.976667       0.0       0.0  72.177467  30.141667            0.0    25.350000  ...  19.370600  19.273867  0.00     5.98  0.0     8.363      8.5       0.00       1.0       0.0
3  2022/02/15 15:30:06       0.0      45.33  20.073467       0.0       0.0  92.841667  91.437267            0.0    46.550067  ...  19.302000  19.290133  0.00     6.02  0.0    23.394      0.0       1.25       1.0       0.0
4  2022/02/15 15:30:07       0.0      45.33  20.078067       0.0       0.0  68.014933  24.714733            0.0    12.314467  ...  19.293800  19.184400  1.06     6.02  0.0     3.051      0.0       0.00       2.0       0.0
5  2022/02/15 15:30:08       0.0      45.33  20.128267       0.0       0.0  61.458133   0.000000            0.0     0.000000  ...  19.452733  19.143733  0.94     6.02  0.0     0.000      0.0       0.00       1.0       0.0
6  2022/02/15 15:30:09       0.0      45.27  20.131733       0.0       0.0  72.554800  28.585133            0.0    15.216600  ...  19.394267  19.257600  1.06     5.98  0.0     8.442      0.0       2.75       1.0       0.0

[7 rows x 51 columns]
INFO 2022-02-15 15:30:09,149 - Exiting write_output function
INFO 2022-02-15 15:30:10,156 - Entering write_output function
DEBUG 2022-02-15 15:30:10,181 - df:                 period  AHU-1-EC  AHU-1-SAR  AHU-1-SAT  CHB-1-DF  CHB-1-SP   CHI-1-CP  CHI-1-KWR  CHI-1-LCWSTSP  CHICMP-1-AP  ...      OAT-2     PC-1-P  hour  weekday  CDD  CHI-1-EC  CT-1-EC  CNDP-1-EC  HYD-1-EC  HYD-2-EC
0  2022/02/15 15:30:02       0.0      45.33  20.071067       0.0       0.0  61.895467   5.692533            0.0     2.907800  ...  19.418133  19.208154  0.00     6.02  0.0     0.000      0.0       0.00       1.0       0.0
1  2022/02/15 15:30:03       0.0      45.27  19.938533       0.0       0.0  61.004933   0.000000            0.0     0.000000  ...  19.312333  19.233200  0.00     5.98  0.0     0.000      0.0       0.00       1.0       0.0
2  2022/02/15 15:30:04       0.0      45.27  19.976667       0.0       0.0  72.177467  30.141667            0.0    25.350000  ...  19.370600  19.273867  0.00     5.98  0.0     8.363      8.5       0.00       1.0       0.0
3  2022/02/15 15:30:06       0.0      45.33  20.073467       0.0       0.0  92.841667  91.437267            0.0    46.550067  ...  19.302000  19.290133  0.00     6.02  0.0    23.394      0.0       1.25       1.0       0.0
4  2022/02/15 15:30:07       0.0      45.33  20.078067       0.0       0.0  68.014933  24.714733            0.0    12.314467  ...  19.293800  19.184400  1.06     6.02  0.0     3.051      0.0       0.00       2.0       0.0
5  2022/02/15 15:30:08       0.0      45.33  20.128267       0.0       0.0  61.458133   0.000000            0.0     0.000000  ...  19.452733  19.143733  0.94     6.02  0.0     0.000      0.0       0.00       1.0       0.0
6  2022/02/15 15:30:09       0.0      45.27  20.131733       0.0       0.0  72.554800  28.585133            0.0    15.216600  ...  19.394267  19.257600  1.06     5.98  0.0     8.442      0.0       2.75       1.0       0.0
7  2022/02/15 15:30:10       0.0      45.33  20.143733       0.0       0.0  94.119800  89.457067            0.0    46.245533  ...  19.410333  19.334533  1.06     6.02  0.0    17.129      0.0       1.25       1.0       0.0

[8 rows x 51 columns]
INFO 2022-02-15 15:30:10,182 - Exiting write_output function
INFO 2022-02-15 15:30:11,188 - Entering write_output function
DEBUG 2022-02-15 15:30:11,213 - df:                 period  AHU-1-EC  AHU-1-SAR  AHU-1-SAT  CHB-1-DF  CHB-1-SP   CHI-1-CP  CHI-1-KWR  CHI-1-LCWSTSP  CHICMP-1-AP  ...      OAT-2     PC-1-P  hour  weekday  CDD  CHI-1-EC  CT-1-EC  CNDP-1-EC  HYD-1-EC  HYD-2-EC
0  2022/02/15 15:30:02       0.0      45.33  20.071067       0.0       0.0  61.895467   5.692533            0.0     2.907800  ...  19.418133  19.208154  0.00     6.02  0.0     0.000      0.0       0.00       1.0       0.0
1  2022/02/15 15:30:03       0.0      45.27  19.938533       0.0       0.0  61.004933   0.000000            0.0     0.000000  ...  19.312333  19.233200  0.00     5.98  0.0     0.000      0.0       0.00       1.0       0.0
2  2022/02/15 15:30:04       0.0      45.27  19.976667       0.0       0.0  72.177467  30.141667            0.0    25.350000  ...  19.370600  19.273867  0.00     5.98  0.0     8.363      8.5       0.00       1.0       0.0
3  2022/02/15 15:30:06       0.0      45.33  20.073467       0.0       0.0  92.841667  91.437267            0.0    46.550067  ...  19.302000  19.290133  0.00     6.02  0.0    23.394      0.0       1.25       1.0       0.0
4  2022/02/15 15:30:07       0.0      45.33  20.078067       0.0       0.0  68.014933  24.714733            0.0    12.314467  ...  19.293800  19.184400  1.06     6.02  0.0     3.051      0.0       0.00       2.0       0.0
5  2022/02/15 15:30:08       0.0      45.33  20.128267       0.0       0.0  61.458133   0.000000            0.0     0.000000  ...  19.452733  19.143733  0.94     6.02  0.0     0.000      0.0       0.00       1.0       0.0
6  2022/02/15 15:30:09       0.0      45.27  20.131733       0.0       0.0  72.554800  28.585133            0.0    15.216600  ...  19.394267  19.257600  1.06     5.98  0.0     8.442      0.0       2.75       1.0       0.0
7  2022/02/15 15:30:10       0.0      45.33  20.143733       0.0       0.0  94.119800  89.457067            0.0    46.245533  ...  19.410333  19.334533  1.06     6.02  0.0    17.129      0.0       1.25       1.0       0.0
8  2022/02/15 15:30:11       0.0      45.33  20.135133       0.0       0.0  71.433067  30.252067            0.0    15.252267  ...  19.472133  19.180000  1.94     6.02  0.0     4.683      0.0       2.75       1.0       0.0

[9 rows x 51 columns]
INFO 2022-02-15 15:30:11,214 - Exiting write_output function
INFO 2022-02-15 15:30:12,228 - Entering write_output function
DEBUG 2022-02-15 15:30:12,255 - df:                 period  AHU-1-EC  AHU-1-SAR  AHU-1-SAT  CHB-1-DF  CHB-1-SP   CHI-1-CP  CHI-1-KWR  CHI-1-LCWSTSP  CHICMP-1-AP  ...      OAT-2     PC-1-P  hour  weekday  CDD  CHI-1-EC  CT-1-EC  CNDP-1-EC  HYD-1-EC  HYD-2-EC
0  2022/02/15 15:30:02       0.0      45.33  20.071067       0.0       0.0  61.895467   5.692533            0.0     2.907800  ...  19.418133  19.208154  0.00     6.02  0.0     0.000      0.0       0.00       1.0       0.0
1  2022/02/15 15:30:03       0.0      45.27  19.938533       0.0       0.0  61.004933   0.000000            0.0     0.000000  ...  19.312333  19.233200  0.00     5.98  0.0     0.000      0.0       0.00       1.0       0.0
2  2022/02/15 15:30:04       0.0      45.27  19.976667       0.0       0.0  72.177467  30.141667            0.0    25.350000  ...  19.370600  19.273867  0.00     5.98  0.0     8.363      8.5       0.00       1.0       0.0
3  2022/02/15 15:30:06       0.0      45.33  20.073467       0.0       0.0  92.841667  91.437267            0.0    46.550067  ...  19.302000  19.290133  0.00     6.02  0.0    23.394      0.0       1.25       1.0       0.0
4  2022/02/15 15:30:07       0.0      45.33  20.078067       0.0       0.0  68.014933  24.714733            0.0    12.314467  ...  19.293800  19.184400  1.06     6.02  0.0     3.051      0.0       0.00       2.0       0.0
5  2022/02/15 15:30:08       0.0      45.33  20.128267       0.0       0.0  61.458133   0.000000            0.0     0.000000  ...  19.452733  19.143733  0.94     6.02  0.0     0.000      0.0       0.00       1.0       0.0
6  2022/02/15 15:30:09       0.0      45.27  20.131733       0.0       0.0  72.554800  28.585133            0.0    15.216600  ...  19.394267  19.257600  1.06     5.98  0.0     8.442      0.0       2.75       1.0       0.0
7  2022/02/15 15:30:10       0.0      45.33  20.143733       0.0       0.0  94.119800  89.457067            0.0    46.245533  ...  19.410333  19.334533  1.06     6.02  0.0    17.129      0.0       1.25       1.0       0.0
8  2022/02/15 15:30:11       0.0      45.33  20.135133       0.0       0.0  71.433067  30.252067            0.0    15.252267  ...  19.472133  19.180000  1.94     6.02  0.0     4.683      0.0       2.75       1.0       0.0
9  2022/02/15 15:30:12       0.0      45.27  20.159000       0.0       0.0  62.356467   0.000000            0.0     0.000000  ...  19.607600  19.119333  1.94     6.02  0.0     0.000      0.0       0.00       1.0       0.0

[10 rows x 51 columns]
INFO 2022-02-15 15:30:12,256 - Exiting write_output function
INFO 2022-02-15 15:30:13,263 - Entering write_output function
DEBUG 2022-02-15 15:30:13,289 - df:                  period  AHU-1-EC  AHU-1-SAR  AHU-1-SAT  CHB-1-DF  CHB-1-SP   CHI-1-CP  CHI-1-KWR  CHI-1-LCWSTSP  CHICMP-1-AP  ...      OAT-2     PC-1-P  hour  weekday  CDD  CHI-1-EC  CT-1-EC  CNDP-1-EC  HYD-1-EC  HYD-2-EC
0   2022/02/15 15:30:02       0.0      45.33  20.071067       0.0       0.0  61.895467   5.692533            0.0     2.907800  ...  19.418133  19.208154  0.00     6.02  0.0     0.000      0.0       0.00       1.0       0.0
1   2022/02/15 15:30:03       0.0      45.27  19.938533       0.0       0.0  61.004933   0.000000            0.0     0.000000  ...  19.312333  19.233200  0.00     5.98  0.0     0.000      0.0       0.00       1.0       0.0
2   2022/02/15 15:30:04       0.0      45.27  19.976667       0.0       0.0  72.177467  30.141667            0.0    25.350000  ...  19.370600  19.273867  0.00     5.98  0.0     8.363      8.5       0.00       1.0       0.0
3   2022/02/15 15:30:06       0.0      45.33  20.073467       0.0       0.0  92.841667  91.437267            0.0    46.550067  ...  19.302000  19.290133  0.00     6.02  0.0    23.394      0.0       1.25       1.0       0.0
4   2022/02/15 15:30:07       0.0      45.33  20.078067       0.0       0.0  68.014933  24.714733            0.0    12.314467  ...  19.293800  19.184400  1.06     6.02  0.0     3.051      0.0       0.00       2.0       0.0
5   2022/02/15 15:30:08       0.0      45.33  20.128267       0.0       0.0  61.458133   0.000000            0.0     0.000000  ...  19.452733  19.143733  0.94     6.02  0.0     0.000      0.0       0.00       1.0       0.0
6   2022/02/15 15:30:09       0.0      45.27  20.131733       0.0       0.0  72.554800  28.585133            0.0    15.216600  ...  19.394267  19.257600  1.06     5.98  0.0     8.442      0.0       2.75       1.0       0.0
7   2022/02/15 15:30:10       0.0      45.33  20.143733       0.0       0.0  94.119800  89.457067            0.0    46.245533  ...  19.410333  19.334533  1.06     6.02  0.0    17.129      0.0       1.25       1.0       0.0
8   2022/02/15 15:30:11       0.0      45.33  20.135133       0.0       0.0  71.433067  30.252067            0.0    15.252267  ...  19.472133  19.180000  1.94     6.02  0.0     4.683      0.0       2.75       1.0       0.0
9   2022/02/15 15:30:12       0.0      45.27  20.159000       0.0       0.0  62.356467   0.000000            0.0     0.000000  ...  19.607600  19.119333  1.94     6.02  0.0     0.000      0.0       0.00       1.0       0.0
10  2022/02/15 15:30:13       0.0      45.27  20.167667       0.0       0.0  89.443933  76.046000            0.0    39.385600  ...  19.611267  19.216933  1.94     6.02  0.0    13.856     11.5       4.75       1.0       0.0

[11 rows x 51 columns]
INFO 2022-02-15 15:30:13,290 - Exiting write_output function
